0 info it worked if it ends with ok
1 verbose cli [ '/usr/local/Cellar/node/5.7.0/bin/node',
1 verbose cli   '/usr/local/bin/npm',
1 verbose cli   'run',
1 verbose cli   'lint' ]
2 info using npm@3.8.3
3 info using node@v5.7.0
4 verbose run-script [ 'prelint', 'lint', 'postlint' ]
5 info lifecycle my-project@0.0.0~prelint: my-project@0.0.0
6 silly lifecycle my-project@0.0.0~prelint: no script for prelint, continuing
7 info lifecycle my-project@0.0.0~lint: my-project@0.0.0
8 verbose lifecycle my-project@0.0.0~lint: unsafe-perm in lifecycle true
9 verbose lifecycle my-project@0.0.0~lint: PATH: /usr/local/lib/node_modules/npm/bin/node-gyp-bin:/Users/konstantinzverev/Documents/web2/projectFE/my-project/node_modules/.bin:/usr/local/Cellar/node/5.7.0/bin:/usr/local/bin:/usr/bin:/bin:/usr/sbin:/sbin:/usr/local/git/bin
10 verbose lifecycle my-project@0.0.0~lint: CWD: /Users/konstantinzverev/Documents/web2/projectFE/my-project
11 silly lifecycle my-project@0.0.0~lint: Args: [ '-c', './node_modules/eslint/bin/eslint.js ./' ]
12 info lifecycle my-project@0.0.0~lint: Failed to exec lint script
13 verbose stack Error: my-project@0.0.0 lint: `./node_modules/eslint/bin/eslint.js ./`
13 verbose stack spawn ENOENT
13 verbose stack     at ChildProcess.<anonymous> (/usr/local/lib/node_modules/npm/lib/utils/spawn.js:17:16)
13 verbose stack     at emitTwo (events.js:100:13)
13 verbose stack     at ChildProcess.emit (events.js:185:7)
13 verbose stack     at maybeClose (internal/child_process.js:827:16)
13 verbose stack     at Process.ChildProcess._handle.onexit (internal/child_process.js:211:5)
14 verbose pkgid my-project@0.0.0
15 verbose cwd /Users/konstantinzverev/Documents/web2/projectFE/my-project
16 error Darwin 15.4.0
17 error argv "/usr/local/Cellar/node/5.7.0/bin/node" "/usr/local/bin/npm" "run" "lint"
18 error node v5.7.0
19 error npm  v3.8.3
20 error file sh
21 error code ELIFECYCLE
22 error errno ENOENT
23 error syscall spawn
24 error my-project@0.0.0 lint: `./node_modules/eslint/bin/eslint.js ./`
24 error spawn ENOENT
25 error Failed at the my-project@0.0.0 lint script './node_modules/eslint/bin/eslint.js ./'.
25 error Make sure you have the latest version of node.js and npm installed.
25 error If you do, this is most likely a problem with the my-project package,
25 error not with npm itself.
25 error Tell the author that this fails on your system:
25 error     ./node_modules/eslint/bin/eslint.js ./
25 error You can get information on how to open an issue for this project with:
25 error     npm bugs my-project
25 error Or if that isn't available, you can get their info via:
25 error     npm owner ls my-project
25 error There is likely additional logging output above.
26 verbose exit [ 1, true ]
